\BOOKMARK [1][-]{section.1}{\376\377\000I\000n\000t\000r\000o\000d\000u\000c\000t\000i\000o\000n}{}% 1
\BOOKMARK [1][-]{section.2}{\376\377\000F\000o\000u\000n\000d\000a\000t\000i\000o\000n\000a\000l\000\040\000D\000e\000f\000i\000n\000i\000t\000i\000o\000n\000s}{}% 2
\BOOKMARK [1][-]{section.3}{\376\377\000Q\000u\000a\000n\000t\000u\000m\000\040\000M\000e\000c\000h\000a\000n\000i\000c\000a\000l\000\040\000F\000o\000r\000m\000a\000l\000i\000s\000m}{}% 3
\BOOKMARK [2][-]{subsection.3.1}{\376\377\000A\000h\000a\000r\000o\000n\000o\000v\000'\000s\000\040\000T\000w\000o\000-\000S\000t\000a\000t\000e\000\040\000V\000e\000c\000t\000o\000r\000\040\000F\000o\000r\000m\000a\000l\000i\000s\000m}{section.3}% 4
\BOOKMARK [3][-]{subsubsection.3.1.1}{\376\377\000T\000h\000e\000\040\000C\000o\000m\000p\000l\000e\000t\000e\000\040\000Q\000u\000a\000n\000t\000u\000m\000\040\000D\000e\000s\000c\000r\000i\000p\000t\000i\000o\000n}{subsection.3.1}% 5
\BOOKMARK [3][-]{subsubsection.3.1.2}{\376\377\000C\000o\000n\000s\000c\000i\000o\000u\000s\000n\000e\000s\000s\000\040\000C\000o\000u\000p\000l\000i\000n\000g\000\040\000M\000e\000c\000h\000a\000n\000i\000s\000m}{subsection.3.1}% 6
\BOOKMARK [3][-]{subsubsection.3.1.3}{\376\377\000F\000o\000r\000w\000a\000r\000d\000\040\000E\000v\000o\000l\000u\000t\000i\000o\000n}{subsection.3.1}% 7
\BOOKMARK [3][-]{subsubsection.3.1.4}{\376\377\000B\000a\000c\000k\000w\000a\000r\000d\000\040\000E\000v\000o\000l\000u\000t\000i\000o\000n}{subsection.3.1}% 8
\BOOKMARK [2][-]{subsection.3.2}{\376\377\000W\000e\000a\000k\000\040\000V\000a\000l\000u\000e\000\040\000F\000o\000r\000m\000a\000l\000i\000s\000m}{section.3}% 9
\BOOKMARK [2][-]{subsection.3.3}{\376\377\000A\000h\000a\000r\000o\000n\000o\000v\000-\000B\000o\000h\000m\000\040\000E\000f\000f\000e\000c\000t}{section.3}% 10
\BOOKMARK [3][-]{subsubsection.3.3.1}{\376\377\000V\000e\000c\000t\000o\000r\000\040\000P\000o\000t\000e\000n\000t\000i\000a\000l\000\040\000P\000h\000y\000s\000i\000c\000a\000l\000\040\000R\000e\000a\000l\000i\000t\000y}{subsection.3.3}% 11
\BOOKMARK [2][-]{subsection.3.4}{\376\377\000Q\000u\000a\000n\000t\000u\000m\000\040\000C\000h\000e\000s\000h\000i\000r\000e\000\040\000C\000a\000t\000\040\000P\000r\000o\000p\000e\000r\000t\000y\000\040\000S\000e\000p\000a\000r\000a\000t\000i\000o\000n}{section.3}% 12
\BOOKMARK [3][-]{subsubsection.3.4.1}{\376\377\000N\000o\000n\000-\000L\000o\000c\000a\000l\000\040\000V\000a\000r\000i\000a\000b\000l\000e\000\040\000T\000h\000e\000o\000r\000y}{subsection.3.4}% 13
\BOOKMARK [2][-]{subsection.3.5}{\376\377\000E\000x\000p\000e\000r\000i\000m\000e\000n\000t\000a\000l\000\040\000V\000e\000r\000i\000f\000i\000c\000a\000t\000i\000o\000n\000s}{section.3}% 14
\BOOKMARK [1][-]{section.4}{\376\377\000T\000h\000e\000r\000m\000o\000d\000y\000n\000a\000m\000i\000c\000s\000\040\000I\000n\000t\000e\000g\000r\000a\000t\000i\000o\000n}{}% 15
\BOOKMARK [2][-]{subsection.4.1}{\376\377\000S\000e\000c\000o\000n\000d\000\040\000L\000a\000w\000\040\000C\000o\000m\000p\000a\000t\000i\000b\000i\000l\000i\000t\000y}{section.4}% 16
\BOOKMARK [2][-]{subsection.4.2}{\376\377\000F\000r\000e\000e\000\040\000E\000n\000e\000r\000g\000y\000\040\000a\000n\000d\000\040\000C\000o\000n\000s\000c\000i\000o\000u\000s\000n\000e\000s\000s}{section.4}% 17
\BOOKMARK [2][-]{subsection.4.3}{\376\377\000M\000a\000x\000i\000m\000u\000m\000\040\000E\000n\000t\000r\000o\000p\000y\000\040\000P\000r\000i\000n\000c\000i\000p\000l\000e}{section.4}% 18
\BOOKMARK [1][-]{section.5}{\376\377\000C\000o\000n\000s\000c\000i\000o\000u\000s\000n\000e\000s\000s\000\040\000I\000n\000t\000e\000g\000r\000a\000t\000i\000o\000n\000\040\000T\000h\000e\000o\000r\000e\000m\000s}{}% 19
\BOOKMARK [2][-]{subsection.5.1}{\376\377\000T\000h\000e\000o\000r\000e\000m\000\040\0001\000:\000\040\000C\000o\000n\000s\000c\000i\000o\000u\000s\000n\000e\000s\000s\000\040\000F\000i\000e\000l\000d\000\040\000C\000o\000m\000p\000a\000t\000i\000b\000i\000l\000i\000t\000y}{section.5}% 20
\BOOKMARK [2][-]{subsection.5.2}{\376\377\000T\000h\000e\000o\000r\000e\000m\000\040\0002\000:\000\040\000R\000e\000t\000r\000o\000c\000a\000u\000s\000a\000l\000i\000t\000y\000\040\000E\000n\000a\000b\000l\000e\000s\000\040\000F\000r\000e\000e\000\040\000W\000i\000l\000l}{section.5}% 21
\BOOKMARK [2][-]{subsection.5.3}{\376\377\000T\000h\000e\000o\000r\000e\000m\000\040\0003\000:\000\040\000N\000o\000n\000-\000L\000o\000c\000a\000l\000i\000t\000y\000\040\000P\000r\000o\000v\000i\000d\000e\000s\000\040\000U\000n\000i\000t\000y}{section.5}% 22
\BOOKMARK [2][-]{subsection.5.4}{\376\377\000T\000h\000e\000o\000r\000e\000m\000\040\0004\000:\000\040\000W\000e\000a\000k\000\040\000M\000e\000a\000s\000u\000r\000e\000m\000e\000n\000t\000\040\000E\000n\000a\000b\000l\000e\000s\000\040\000C\000o\000n\000s\000c\000i\000o\000u\000s\000\040\000O\000b\000s\000e\000r\000v\000a\000t\000i\000o\000n}{section.5}% 23
\BOOKMARK [2][-]{subsection.5.5}{\376\377\000T\000h\000e\000o\000r\000e\000m\000\040\0005\000:\000\040\000M\000o\000r\000a\000l\000\040\000P\000o\000l\000a\000r\000i\000t\000y\000\040\000P\000r\000o\000v\000i\000d\000e\000s\000\040\000P\000r\000e\000f\000e\000r\000e\000n\000t\000i\000a\000l\000\040\000B\000a\000s\000i\000s}{section.5}% 24
\BOOKMARK [2][-]{subsection.5.6}{\376\377\000T\000h\000e\000o\000r\000e\000m\000\040\0006\000:\000\040\000C\000o\000n\000s\000c\000i\000o\000u\000s\000n\000e\000s\000s\000\040\000G\000e\000n\000e\000r\000a\000t\000e\000s\000\040\000C\000o\000m\000p\000l\000e\000x\000i\000t\000y}{section.5}% 25
\BOOKMARK [2][-]{subsection.5.7}{\376\377\000T\000h\000e\000o\000r\000e\000m\000\040\0007\000:\000\040\000C\000o\000n\000s\000c\000i\000o\000u\000s\000n\000e\000s\000s\000\040\000R\000e\000s\000o\000l\000v\000e\000s\000\040\000M\000e\000a\000s\000u\000r\000e\000m\000e\000n\000t\000\040\000P\000r\000o\000b\000l\000e\000m}{section.5}% 26
\BOOKMARK [1][-]{section.6}{\376\377\000M\000a\000j\000o\000r\000\040\000T\000h\000e\000o\000r\000e\000m\000s\000\040\000w\000i\000t\000h\000\040\000P\000r\000o\000o\000f\000s}{}% 27
\BOOKMARK [2][-]{subsection.6.1}{\376\377\000T\000h\000e\000o\000r\000e\000m\000\040\0001\000:\000\040\000L\000i\000b\000e\000r\000t\000a\000r\000i\000a\000n\000\040\000F\000r\000e\000e\000\040\000W\000i\000l\000l\000\040\000E\000x\000i\000s\000t\000s\000\040\000a\000n\000d\000\040\000i\000s\000\040\000C\000o\000m\000p\000a\000t\000i\000b\000l\000e\000\040\000w\000i\000t\000h\000\040\000P\000h\000y\000s\000i\000c\000s}{section.6}% 28
\BOOKMARK [2][-]{subsection.6.2}{\376\377\000T\000h\000e\000o\000r\000e\000m\000\040\0002\000:\000\040\000C\000o\000n\000s\000c\000i\000o\000u\000s\000n\000e\000s\000s\000\040\000a\000s\000\040\000Q\000u\000a\000n\000t\000u\000m\000\040\000N\000a\000v\000i\000g\000a\000t\000o\000r}{section.6}% 29
\BOOKMARK [2][-]{subsection.6.3}{\376\377\000T\000h\000e\000o\000r\000e\000m\000\040\0002\000:\000\040\000M\000o\000r\000a\000l\000\040\000P\000o\000l\000a\000r\000i\000t\000y\000\040\000i\000s\000\040\000F\000u\000n\000d\000a\000m\000e\000n\000t\000a\000l}{section.6}% 30
\BOOKMARK [2][-]{subsection.6.4}{\376\377\000T\000h\000e\000o\000r\000e\000m\000\040\0003\000:\000\040\000T\000i\000m\000e\000\040\000F\000l\000o\000w\000s\000\040\000B\000a\000c\000k\000w\000a\000r\000d\000\040\000f\000o\000r\000\040\000C\000o\000n\000s\000c\000i\000o\000u\000s\000n\000e\000s\000s}{section.6}% 31
\BOOKMARK [2][-]{subsection.6.5}{\376\377\000T\000h\000e\000o\000r\000e\000m\000\040\0004\000:\000\040\000C\000o\000n\000s\000c\000i\000o\000u\000s\000n\000e\000s\000s\000\040\000R\000e\000q\000u\000i\000r\000e\000s\000\040\000t\000h\000e\000\040\000B\000l\000o\000c\000k\000\040\000U\000n\000i\000v\000e\000r\000s\000e}{section.6}% 32
\BOOKMARK [2][-]{subsection.6.6}{\376\377\000T\000h\000e\000o\000r\000e\000m\000\040\0005\000:\000\040\000I\000n\000f\000o\000r\000m\000a\000t\000i\000o\000n\000-\000T\000h\000e\000o\000r\000e\000t\000i\000c\000\040\000W\000o\000r\000k\000\040\000f\000r\000o\000m\000\040\000M\000o\000r\000a\000l\000i\000t\000y}{section.6}% 33
\BOOKMARK [2][-]{subsection.6.7}{\376\377\000T\000h\000e\000o\000r\000e\000m\000\040\0006\000:\000\040\000C\000o\000n\000s\000c\000i\000o\000u\000s\000n\000e\000s\000s\000\040\000E\000n\000a\000b\000l\000e\000s\000\040\000H\000y\000p\000e\000r\000g\000r\000a\000p\000h\000\040\000E\000v\000o\000l\000u\000t\000i\000o\000n}{section.6}% 34
\BOOKMARK [2][-]{subsection.6.8}{\376\377\000T\000h\000e\000o\000r\000e\000m\000\040\0007\000:\000\040\000M\000a\000s\000t\000e\000r\000\040\000C\000o\000n\000s\000c\000i\000o\000u\000s\000n\000e\000s\000s\000\040\000E\000q\000u\000a\000t\000i\000o\000n}{section.6}% 35
\BOOKMARK [2][-]{subsection.6.9}{\376\377\000T\000h\000e\000o\000r\000e\000m\000\040\0008\000:\000\040\000C\000o\000n\000s\000c\000i\000o\000u\000s\000n\000e\000s\000s\000\040\000D\000o\000e\000s\000\040\000N\000o\000t\000\040\000V\000i\000o\000l\000a\000t\000e\000\040\000t\000h\000e\000\040\000S\000e\000c\000o\000n\000d\000\040\000L\000a\000w}{section.6}% 36
\BOOKMARK [2][-]{subsection.6.10}{\376\377\000T\000h\000e\000o\000r\000e\000m\000\040\0009\000:\000\040\000G\000\366\000d\000e\000l\000i\000a\000n\000\040\000C\000o\000m\000p\000l\000e\000t\000e\000n\000e\000s\000s\000\040\000P\000r\000e\000v\000e\000n\000t\000s\000\040\000P\000h\000y\000s\000i\000c\000a\000l\000\040\000P\000r\000e\000d\000e\000t\000e\000r\000m\000i\000n\000a\000t\000i\000o\000n}{section.6}% 37
\BOOKMARK [2][-]{subsection.6.11}{\376\377\000T\000h\000e\000o\000r\000e\000m\000\040\0001\0000\000:\000\040\000C\000o\000n\000s\000c\000i\000o\000u\000s\000n\000e\000s\000s\000\040\000A\000l\000t\000e\000r\000s\000\040\000t\000h\000e\000\040\000E\000f\000f\000e\000c\000t\000i\000v\000e\000\040\000H\000a\000m\000i\000l\000t\000o\000n\000i\000a\000n}{section.6}% 38
\BOOKMARK [2][-]{subsection.6.12}{\376\377\000T\000h\000e\000o\000r\000e\000m\000\040\0001\0001\000:\000\040\000C\000o\000n\000s\000c\000i\000o\000u\000s\000n\000e\000s\000s\000\040\000C\000r\000e\000a\000t\000e\000s\000\040\000C\000a\000u\000s\000a\000l\000\040\000R\000e\000v\000e\000r\000s\000i\000b\000i\000l\000i\000t\000y}{section.6}% 39
\BOOKMARK [2][-]{subsection.6.13}{\376\377\000T\000h\000e\000o\000r\000e\000m\000\040\0001\0002\000:\000\040\000C\000o\000n\000s\000c\000i\000o\000u\000s\000n\000e\000s\000s\000\040\000D\000r\000i\000v\000e\000s\000\040\000C\000o\000m\000p\000l\000e\000x\000i\000t\000y\000\040\000E\000m\000e\000r\000g\000e\000n\000c\000e}{section.6}% 40
\BOOKMARK [2][-]{subsection.6.14}{\376\377\000T\000h\000e\000o\000r\000e\000m\000\040\0001\0003\000:\000\040\000M\000a\000s\000t\000e\000r\000\040\000U\000n\000i\000f\000i\000c\000a\000t\000i\000o\000n\000\040\000-\000\040\000A\000l\000l\000\040\000P\000h\000y\000s\000i\000c\000s\000\040\000f\000r\000o\000m\000\040\000C\000o\000n\000s\000c\000i\000o\000u\000s\000\040\000E\000x\000p\000l\000o\000r\000a\000t\000i\000o\000n}{section.6}% 41
\BOOKMARK [2][-]{subsection.6.15}{\376\377\000T\000h\000e\000o\000r\000e\000m\000\040\0001\0004\000:\000\040\000S\000o\000l\000u\000t\000i\000o\000n\000\040\000t\000o\000\040\000E\000i\000n\000s\000t\000e\000i\000n\000'\000s\000\040\000E\000q\000u\000a\000t\000i\000o\000n\000s\000\040\000i\000n\000\040\000H\000y\000p\000e\000r\000g\000r\000a\000p\000h\000\040\000F\000r\000a\000m\000e\000w\000o\000r\000k}{section.6}% 42
\BOOKMARK [2][-]{subsection.6.16}{\376\377\000T\000h\000e\000o\000r\000e\000m\000\040\0001\0005\000:\000\040\000U\000n\000i\000f\000i\000e\000d\000\040\000S\000o\000l\000u\000t\000i\000o\000n\000\040\000t\000o\000\040\000Q\000u\000a\000n\000t\000u\000m\000\040\000G\000r\000a\000v\000i\000t\000y}{section.6}% 43
\BOOKMARK [2][-]{subsection.6.17}{\376\377\000T\000h\000e\000o\000r\000e\000m\000\040\0001\0006\000:\000\040\000C\000o\000m\000p\000l\000e\000t\000e\000\040\000T\000h\000e\000o\000r\000y\000\040\000o\000f\000\040\000E\000v\000e\000r\000y\000t\000h\000i\000n\000g}{section.6}% 44
\BOOKMARK [1][-]{section.7}{\376\377\000R\000e\000s\000o\000l\000u\000t\000i\000o\000n\000\040\000o\000f\000\040\000Q\000u\000a\000n\000t\000u\000m\000\040\000M\000e\000c\000h\000a\000n\000i\000c\000a\000l\000\040\000P\000a\000r\000a\000d\000o\000x\000e\000s}{}% 45
\BOOKMARK [2][-]{subsection.7.1}{\376\377\000W\000a\000v\000e\000-\000P\000a\000r\000t\000i\000c\000l\000e\000\040\000D\000u\000a\000l\000i\000t\000y\000\040\000R\000e\000s\000o\000l\000v\000e\000d}{section.7}% 46
\BOOKMARK [2][-]{subsection.7.2}{\376\377\000M\000e\000a\000s\000u\000r\000e\000m\000e\000n\000t\000\040\000P\000r\000o\000b\000l\000e\000m\000\040\000R\000e\000s\000o\000l\000v\000e\000d}{section.7}% 47
\BOOKMARK [2][-]{subsection.7.3}{\376\377\000E\000P\000R\000\040\000P\000a\000r\000a\000d\000o\000x\000\040\000\050\000E\000n\000t\000a\000n\000g\000l\000e\000m\000e\000n\000t\000\051\000\040\000R\000e\000s\000o\000l\000v\000e\000d}{section.7}% 48
\BOOKMARK [2][-]{subsection.7.4}{\376\377\000S\000c\000h\000r\000\366\000d\000i\000n\000g\000e\000r\000'\000s\000\040\000C\000a\000t\000\040\000P\000a\000r\000a\000d\000o\000x\000\040\000R\000e\000s\000o\000l\000v\000e\000d}{section.7}% 49
\BOOKMARK [2][-]{subsection.7.5}{\376\377\000Q\000u\000a\000n\000t\000u\000m\000\040\000E\000r\000a\000s\000e\000r\000\040\000P\000a\000r\000a\000d\000o\000x\000\040\000R\000e\000s\000o\000l\000v\000e\000d}{section.7}% 50
\BOOKMARK [2][-]{subsection.7.6}{\376\377\000D\000e\000l\000a\000y\000e\000d\000\040\000C\000h\000o\000i\000c\000e\000\040\000Q\000u\000a\000n\000t\000u\000m\000\040\000E\000r\000a\000s\000e\000r\000\040\000R\000e\000s\000o\000l\000v\000e\000d}{section.7}% 51
\BOOKMARK [2][-]{subsection.7.7}{\376\377\000Q\000u\000a\000n\000t\000u\000m\000\040\000Z\000e\000n\000o\000\040\000P\000a\000r\000a\000d\000o\000x\000\040\000R\000e\000s\000o\000l\000v\000e\000d}{section.7}% 52
\BOOKMARK [2][-]{subsection.7.8}{\376\377\000Q\000u\000a\000n\000t\000u\000m\000\040\000S\000p\000e\000e\000d\000\040\000L\000i\000m\000i\000t\000\040\000P\000a\000r\000a\000d\000o\000x\000\040\000R\000e\000s\000o\000l\000v\000e\000d}{section.7}% 53
\BOOKMARK [2][-]{subsection.7.9}{\376\377\000B\000o\000l\000t\000z\000m\000a\000n\000n\000\040\000B\000r\000a\000i\000n\000\040\000P\000a\000r\000a\000d\000o\000x\000\040\000R\000e\000s\000o\000l\000v\000e\000d}{section.7}% 54
\BOOKMARK [2][-]{subsection.7.10}{\376\377\000B\000l\000a\000c\000k\000\040\000H\000o\000l\000e\000\040\000I\000n\000f\000o\000r\000m\000a\000t\000i\000o\000n\000\040\000P\000a\000r\000a\000d\000o\000x\000\040\000R\000e\000s\000o\000l\000v\000e\000d}{section.7}% 55
\BOOKMARK [2][-]{subsection.7.11}{\376\377\000W\000i\000g\000n\000e\000r\000'\000s\000\040\000F\000r\000i\000e\000n\000d\000\040\000P\000a\000r\000a\000d\000o\000x\000\040\000R\000e\000s\000o\000l\000v\000e\000d}{section.7}% 56
\BOOKMARK [2][-]{subsection.7.12}{\376\377\000C\000o\000p\000e\000n\000h\000a\000g\000e\000n\000\040\000v\000s\000\040\000M\000a\000n\000y\000-\000W\000o\000r\000l\000d\000s\000\040\000D\000e\000b\000a\000t\000e\000\040\000R\000e\000s\000o\000l\000v\000e\000d}{section.7}% 57
\BOOKMARK [1][-]{section.8}{\376\377\000M\000a\000s\000t\000e\000r\000\040\000E\000q\000u\000a\000t\000i\000o\000n\000\040\000D\000e\000r\000i\000v\000a\000t\000i\000o\000n}{}% 58
\BOOKMARK [2][-]{subsection.8.1}{\376\377\000P\000a\000t\000h\000\040\000I\000n\000t\000e\000g\000r\000a\000l\000\040\000F\000o\000r\000m\000u\000l\000a\000t\000i\000o\000n}{section.8}% 59
\BOOKMARK [2][-]{subsection.8.2}{\376\377\000E\000f\000f\000e\000c\000t\000i\000v\000e\000\040\000A\000c\000t\000i\000o\000n}{section.8}% 60
\BOOKMARK [2][-]{subsection.8.3}{\376\377\000R\000e\000d\000u\000c\000e\000d\000\040\000M\000a\000s\000t\000e\000r\000\040\000E\000q\000u\000a\000t\000i\000o\000n}{section.8}% 61
\BOOKMARK [1][-]{section.9}{\376\377\000G\000l\000o\000s\000s\000a\000r\000y\000\040\000o\000f\000\040\000M\000a\000t\000h\000e\000m\000a\000t\000i\000c\000a\000l\000\040\000T\000e\000r\000m\000s}{}% 62
\BOOKMARK [1][-]{section.10}{\376\377\000T\000e\000s\000t\000a\000b\000l\000e\000\040\000P\000r\000e\000d\000i\000c\000t\000i\000o\000n\000s}{}% 63
\BOOKMARK [2][-]{subsection.10.1}{\376\377\000P\000r\000e\000d\000i\000c\000t\000i\000o\000n\000\040\0001\000:\000\040\000Q\000u\000a\000n\000t\000u\000m\000\040\000C\000o\000m\000p\000u\000t\000e\000r\000\040\000M\000o\000r\000a\000l\000\040\000B\000i\000a\000s}{section.10}% 64
\BOOKMARK [2][-]{subsection.10.2}{\376\377\000P\000r\000e\000d\000i\000c\000t\000i\000o\000n\000\040\0002\000:\000\040\000R\000a\000d\000i\000o\000a\000c\000t\000i\000v\000e\000\040\000D\000e\000c\000a\000y\000\040\000C\000o\000n\000s\000c\000i\000o\000u\000s\000n\000e\000s\000s\000\040\000C\000o\000u\000p\000l\000i\000n\000g}{section.10}% 65
\BOOKMARK [2][-]{subsection.10.3}{\376\377\000P\000r\000e\000d\000i\000c\000t\000i\000o\000n\000\040\0003\000:\000\040\000C\000M\000B\000\040\000M\000o\000r\000a\000l\000\040\000-\000E\000c\000h\000o\000e\000s}{section.10}% 66
\BOOKMARK [2][-]{subsection.10.4}{\376\377\000P\000r\000e\000d\000i\000c\000t\000i\000o\000n\000\040\0004\000:\000\040\000E\000E\000G\000\040\000S\000c\000h\000u\000m\000a\000n\000n\000\040\000C\000o\000h\000e\000r\000e\000n\000c\000e}{section.10}% 67
\BOOKMARK [2][-]{subsection.10.5}{\376\377\000Q\000u\000a\000n\000t\000u\000m\000\040\000C\000o\000m\000p\000u\000t\000e\000r\000\040\000T\000e\000s\000t\000i\000n\000g}{section.10}% 68
\BOOKMARK [3][-]{subsubsection.10.5.1}{\376\377\000T\000w\000o\000-\000S\000t\000a\000t\000e\000\040\000V\000e\000c\000t\000o\000r\000\040\000S\000i\000m\000u\000l\000a\000t\000i\000o\000n}{subsection.10.5}% 69
\BOOKMARK [3][-]{subsubsection.10.5.2}{\376\377\000M\000o\000r\000a\000l\000\040\000P\000o\000l\000a\000r\000i\000t\000y\000\040\000C\000o\000l\000l\000a\000p\000s\000e\000\040\000T\000e\000s\000t\000i\000n\000g}{subsection.10.5}% 70
\BOOKMARK [3][-]{subsubsection.10.5.3}{\376\377\000Q\000u\000a\000n\000t\000u\000m\000\040\000N\000a\000v\000i\000g\000a\000t\000o\000r\000\040\000S\000i\000m\000u\000l\000a\000t\000i\000o\000n}{subsection.10.5}% 71
\BOOKMARK [3][-]{subsubsection.10.5.4}{\376\377\000R\000e\000t\000r\000o\000c\000a\000u\000s\000a\000l\000i\000t\000y\000\040\000T\000e\000s\000t\000i\000n\000g}{subsection.10.5}% 72
\BOOKMARK [3][-]{subsubsection.10.5.5}{\376\377\000W\000e\000a\000k\000\040\000M\000e\000a\000s\000u\000r\000e\000m\000e\000n\000t\000\040\000N\000e\000t\000w\000o\000r\000k\000s}{subsection.10.5}% 73
\BOOKMARK [1][-]{section.11}{\376\377\000C\000o\000n\000c\000l\000u\000s\000i\000o\000n}{}% 74
